Copyright 1986-2018 Xilinx, Inc. All Rights Reserved.
------------------------------------------------------------------------------------
| Tool Version : Vivado v.2018.1 (win64) Build 2188600 Wed Apr  4 18:40:38 MDT 2018
| Date         : Tue Jul  9 00:17:47 2024
| Host         : xuxuxuxuxu running 64-bit major release  (build 9200)
| Command      : report_control_sets -verbose -file top_control_sets_placed.rpt
| Design       : top
| Device       : xc7a100t
------------------------------------------------------------------------------------

Control Set Information

Table of Contents
-----------------
1. Summary
2. Histogram
3. Flip-Flop Distribution
4. Detailed Control Set Information

1. Summary
----------

+----------------------------------------------------------+-------+
|                          Status                          | Count |
+----------------------------------------------------------+-------+
| Number of unique control sets                            |   308 |
| Unused register locations in slices containing registers |  1343 |
+----------------------------------------------------------+-------+


2. Histogram
------------

+--------+--------------+
| Fanout | Control Sets |
+--------+--------------+
|      1 |           31 |
|      2 |            5 |
|      3 |           36 |
|      4 |          216 |
|      5 |            1 |
|      8 |            1 |
|    16+ |           18 |
+--------+--------------+


3. Flip-Flop Distribution
-------------------------

+--------------+-----------------------+------------------------+-----------------+--------------+
| Clock Enable | Synchronous Set/Reset | Asynchronous Set/Reset | Total Registers | Total Slices |
+--------------+-----------------------+------------------------+-----------------+--------------+
| No           | No                    | No                     |              70 |           44 |
| No           | No                    | Yes                    |             761 |          262 |
| No           | Yes                   | No                     |               0 |            0 |
| Yes          | No                    | No                     |              40 |           26 |
| Yes          | No                    | Yes                    |            1186 |          764 |
| Yes          | Yes                   | No                     |               0 |            0 |
+--------------+-----------------------+------------------------+-----------------+--------------+


4. Detailed Control Set Information
-----------------------------------

+---------------------------+------------------------------------+---------------------------------+------------------+----------------+
|        Clock Signal       |            Enable Signal           |         Set/Reset Signal        | Slice Load Count | Bel Load Count |
+---------------------------+------------------------------------+---------------------------------+------------------+----------------+
| ~Clk_CPU_BUFG             | U1_SCPU/MEM_WB/rf_reg[17][31][0]   | U1_SCPU/U_RF/AR[1]              |                1 |              1 |
| ~Clk_CPU_BUFG             | U1_SCPU/MEM_WB/rf_reg[8][31][0]    | U1_SCPU/U_RF/AR[1]              |                1 |              1 |
| ~Clk_CPU_BUFG             | U1_SCPU/MEM_WB/rf_reg[25][31][0]   | U1_SCPU/U_RF/AR[1]              |                1 |              1 |
| ~Clk_CPU_BUFG             | U1_SCPU/MEM_WB/rf_reg[4][31][0]    | U1_SCPU/U_RF/AR[1]              |                1 |              1 |
| ~Clk_CPU_BUFG             | U1_SCPU/MEM_WB/rf_reg[20][31][0]   | U1_SCPU/U_RF/AR[1]              |                1 |              1 |
| ~Clk_CPU_BUFG             | U1_SCPU/MEM_WB/rf_reg[5][31][0]    | U1_SCPU/U_RF/AR[1]              |                1 |              1 |
| ~Clk_CPU_BUFG             | U1_SCPU/MEM_WB/rf_reg[22][31][0]   | U1_SCPU/U_RF/AR[1]              |                1 |              1 |
|  U5_Multi_8CH320_BUFG     |                                    |                                 |                1 |              1 |
|  clkdiv_BUFG[6]           |                                    |                                 |                1 |              1 |
| ~Clk_CPU_BUFG             | U1_SCPU/MEM_WB/rf_reg[16][31][0]   | U1_SCPU/U_RF/AR[1]              |                1 |              1 |
| ~Clk_CPU_BUFG             | U1_SCPU/MEM_WB/rf_reg[23][31][0]   | U1_SCPU/U_RF/AR[1]              |                1 |              1 |
| ~Clk_CPU_BUFG             | U1_SCPU/MEM_WB/rf_reg[3][31][0]    | U1_SCPU/U_RF/AR[1]              |                1 |              1 |
| ~Clk_CPU_BUFG             | U1_SCPU/MEM_WB/rf_reg[18][31][0]   | U1_SCPU/U_RF/AR[1]              |                1 |              1 |
| ~Clk_CPU_BUFG             | U1_SCPU/MEM_WB/rf_reg[10][31][0]   | U1_SCPU/U_RF/AR[1]              |                1 |              1 |
| ~Clk_CPU_BUFG             | U1_SCPU/MEM_WB/rf_reg[6][31][0]    | U1_SCPU/U_RF/AR[1]              |                1 |              1 |
| ~Clk_CPU_BUFG             | U1_SCPU/MEM_WB/rf_reg[11][31][0]   | U1_SCPU/U_RF/AR[1]              |                1 |              1 |
| ~Clk_CPU_BUFG             | U1_SCPU/MEM_WB/rf_reg[14][31][0]   | U1_SCPU/U_RF/AR[1]              |                1 |              1 |
|  clkdiv_BUFG[6]           |                                    | U1_SCPU/ID_EX/out_reg[190]_0    |                1 |              1 |
| ~Clk_CPU_BUFG             | U1_SCPU/MEM_WB/rf_reg[24][31][0]   | U1_SCPU/U_RF/AR[1]              |                1 |              1 |
| ~Clk_CPU_BUFG             | U1_SCPU/MEM_WB/rf_reg[27][31][0]   | U1_SCPU/U_RF/AR[1]              |                1 |              1 |
| ~Clk_CPU_BUFG             | U1_SCPU/MEM_WB/rf_reg[13][31][0]   | U1_SCPU/U_RF/AR[1]              |                1 |              1 |
| ~Clk_CPU_BUFG             | U1_SCPU/MEM_WB/rf_reg[15][31][0]   | U1_SCPU/U_RF/AR[1]              |                1 |              1 |
| ~Clk_CPU_BUFG             | U1_SCPU/MEM_WB/rf_reg[12][31][0]   | U1_SCPU/U_RF/AR[1]              |                1 |              1 |
|  clkdiv_BUFG[6]           |                                    | U1_SCPU/EX_MEM/out_reg[65]_0    |                1 |              1 |
| ~Clk_CPU_BUFG             | U1_SCPU/MEM_WB/rf_reg[19][31][0]   | U1_SCPU/U_RF/AR[1]              |                1 |              1 |
| ~Clk_CPU_BUFG             | U1_SCPU/MEM_WB/rf_reg[26][31][0]   | U1_SCPU/U_RF/AR[1]              |                1 |              1 |
| ~Clk_CPU_BUFG             | U1_SCPU/MEM_WB/rf_reg[2][31][0]    | U1_SCPU/U_RF/AR[1]              |                1 |              1 |
| ~Clk_CPU_BUFG             | U1_SCPU/MEM_WB/rf_reg[21][31][0]   | U1_SCPU/U_RF/AR[1]              |                1 |              1 |
| ~Clk_CPU_BUFG             | U1_SCPU/MEM_WB/rf_reg[1][31][0]    | U1_SCPU/U_RF/AR[1]              |                1 |              1 |
| ~Clk_CPU_BUFG             | U1_SCPU/MEM_WB/rf_reg[9][31][0]    | U1_SCPU/U_RF/AR[1]              |                1 |              1 |
| ~Clk_CPU_BUFG             | U1_SCPU/MEM_WB/rf_reg[7][31][0]    | U1_SCPU/U_RF/AR[1]              |                1 |              1 |
| ~Clk_CPU_BUFG             | U1_SCPU/MEM_WB/rf_reg[31][31]_0[0] | U1_SCPU/U_RF/AR[1]              |                1 |              2 |
|  U5_Multi_8CH320_BUFG     |                                    | U1_SCPU/MEM_WB/out_reg[73]_0    |                1 |              2 |
| ~Clk_CPU_BUFG             | U1_SCPU/MEM_WB/rf_reg[30][31][0]   | U1_SCPU/U_RF/AR[1]              |                1 |              2 |
| ~Clk_CPU_BUFG             | U1_SCPU/MEM_WB/rf_reg[29][31][0]   | U1_SCPU/U_RF/AR[1]              |                1 |              2 |
| ~Clk_CPU_BUFG             | U1_SCPU/MEM_WB/rf_reg[28][31][0]   | U1_SCPU/U_RF/AR[1]              |                1 |              2 |
| ~Clk_CPU_BUFG             | U1_SCPU/MEM_WB/rf_reg[22][31][0]   | U1_SCPU/U_RF/rf[31][6]_i_1_n_2  |                3 |              3 |
| ~Clk_CPU_BUFG             | U1_SCPU/MEM_WB/rf_reg[13][31][0]   | U1_SCPU/U_RF/rf[31][18]_i_1_n_2 |                2 |              3 |
| ~Clk_CPU_BUFG             | U1_SCPU/MEM_WB/rf_reg[29][31][0]   | U1_SCPU/U_RF/rf[31][29]_i_1_n_2 |                3 |              3 |
| ~Clk_CPU_BUFG             | U1_SCPU/MEM_WB/rf_reg[4][31][0]    | U1_SCPU/U_RF/rf[31][22]_i_1_n_2 |                2 |              3 |
| ~Clk_CPU_BUFG             | U1_SCPU/MEM_WB/rf_reg[28][31][0]   | U1_SCPU/U_RF/rf[31][29]_i_1_n_2 |                2 |              3 |
| ~Clk_CPU_BUFG             | U1_SCPU/MEM_WB/rf_reg[15][31][0]   | U1_SCPU/U_RF/rf[31][14]_i_1_n_2 |                2 |              3 |
| ~Clk_CPU_BUFG             | U1_SCPU/MEM_WB/rf_reg[12][31][0]   | U1_SCPU/U_RF/rf[31][14]_i_1_n_2 |                3 |              3 |
| ~Clk_CPU_BUFG             | U1_SCPU/MEM_WB/rf_reg[20][31][0]   | U1_SCPU/U_RF/rf[31][6]_i_1_n_2  |                2 |              3 |
| ~Clk_CPU_BUFG             | U1_SCPU/MEM_WB/rf_reg[25][31][0]   | U1_SCPU/U_RF/rf[31][6]_i_1_n_2  |                3 |              3 |
| ~Clk_CPU_BUFG             | U1_SCPU/MEM_WB/rf_reg[28][31][0]   | U1_SCPU/U_RF/AR[0]              |                3 |              3 |
| ~Clk_CPU_BUFG             | U1_SCPU/MEM_WB/rf_reg[23][31][0]   | U1_SCPU/U_RF/rf[31][6]_i_1_n_2  |                3 |              3 |
| ~Clk_CPU_BUFG             | U1_SCPU/MEM_WB/rf_reg[24][31][0]   | U1_SCPU/U_RF/AR[0]              |                2 |              3 |
| ~Clk_CPU_BUFG             | U1_SCPU/MEM_WB/rf_reg[18][31][0]   | U1_SCPU/U_RF/rf[31][10]_i_1_n_2 |                2 |              3 |
| ~Clk_CPU_BUFG             | U1_SCPU/MEM_WB/rf_reg[6][31][0]    | U1_SCPU/U_RF/rf[31][22]_i_1_n_2 |                2 |              3 |
| ~Clk_CPU_BUFG             | U1_SCPU/MEM_WB/rf_reg[17][31][0]   | U1_SCPU/U_RF/rf[31][14]_i_1_n_2 |                2 |              3 |
| ~Clk_CPU_BUFG             | U1_SCPU/MEM_WB/rf_reg[31][31]_0[0] | U1_SCPU/U_RF/AR[0]              |                3 |              3 |
| ~Clk_CPU_BUFG             | U1_SCPU/MEM_WB/rf_reg[29][31][0]   | U1_SCPU/U_RF/AR[0]              |                1 |              3 |
| ~Clk_CPU_BUFG             | U1_SCPU/MEM_WB/rf_reg[31][31]_0[0] | U1_SCPU/U_RF/rf[31][29]_i_1_n_2 |                2 |              3 |
| ~Clk_CPU_BUFG             | U1_SCPU/MEM_WB/rf_reg[5][31][0]    | U1_SCPU/U_RF/rf[31][26]_i_1_n_2 |                2 |              3 |
|  Clk_CPU_BUFG             | U1_SCPU/ID_EX/E[0]                 | U1_SCPU/U_RF/AR[0]              |                2 |              3 |
| ~Clk_CPU_BUFG             | U1_SCPU/MEM_WB/rf_reg[26][31][0]   | U1_SCPU/U_RF/AR[0]              |                2 |              3 |
| ~Clk_CPU_BUFG             | U1_SCPU/MEM_WB/rf_reg[30][31][0]   | U1_SCPU/U_RF/AR[0]              |                2 |              3 |
| ~Clk_CPU_BUFG             | U1_SCPU/MEM_WB/rf_reg[2][31][0]    | U1_SCPU/U_RF/rf[31][26]_i_1_n_2 |                3 |              3 |
| ~Clk_CPU_BUFG             | U1_SCPU/MEM_WB/rf_reg[21][31][0]   | U1_SCPU/U_RF/rf[31][10]_i_1_n_2 |                1 |              3 |
| ~Clk_CPU_BUFG             | U1_SCPU/MEM_WB/rf_reg[27][31][0]   | U1_SCPU/U_RF/AR[0]              |                2 |              3 |
| ~Clk_CPU_BUFG             | U1_SCPU/MEM_WB/rf_reg[3][31][0]    | U1_SCPU/U_RF/rf[31][26]_i_1_n_2 |                3 |              3 |
| ~Clk_CPU_BUFG             | U1_SCPU/MEM_WB/rf_reg[19][31][0]   | U1_SCPU/U_RF/rf[31][10]_i_1_n_2 |                2 |              3 |
| ~Clk_CPU_BUFG             | U1_SCPU/MEM_WB/rf_reg[9][31][0]    | U1_SCPU/U_RF/rf[31][22]_i_1_n_2 |                3 |              3 |
| ~Clk_CPU_BUFG             | U1_SCPU/MEM_WB/rf_reg[10][31][0]   | U1_SCPU/U_RF/rf[31][18]_i_1_n_2 |                2 |              3 |
| ~Clk_CPU_BUFG             | U1_SCPU/MEM_WB/rf_reg[7][31][0]    | U1_SCPU/U_RF/rf[31][22]_i_1_n_2 |                2 |              3 |
| ~Clk_CPU_BUFG             | U1_SCPU/MEM_WB/rf_reg[14][31][0]   | U1_SCPU/U_RF/rf[31][14]_i_1_n_2 |                2 |              3 |
| ~Clk_CPU_BUFG             | U1_SCPU/MEM_WB/rf_reg[16][31][0]   | U1_SCPU/U_RF/rf[31][10]_i_1_n_2 |                2 |              3 |
| ~Clk_CPU_BUFG             | U1_SCPU/MEM_WB/rf_reg[8][31][0]    | U1_SCPU/U_RF/rf[31][18]_i_1_n_2 |                3 |              3 |
| ~Clk_CPU_BUFG             | U1_SCPU/MEM_WB/rf_reg[30][31][0]   | U1_SCPU/U_RF/rf[31][29]_i_1_n_2 |                3 |              3 |
| ~Clk_CPU_BUFG             | U1_SCPU/MEM_WB/rf_reg[11][31][0]   | U1_SCPU/U_RF/rf[31][18]_i_1_n_2 |                2 |              3 |
| ~Clk_CPU_BUFG             | U1_SCPU/MEM_WB/rf_reg[1][31][0]    | U1_SCPU/U_RF/rf[31][26]_i_1_n_2 |                2 |              3 |
| ~Clk_CPU_BUFG             | U1_SCPU/MEM_WB/rf_reg[15][31][0]   | U1_SCPU/U_RF/rf[31][26]_i_1_n_2 |                3 |              4 |
| ~Clk_CPU_BUFG             | U1_SCPU/MEM_WB/rf_reg[15][31][0]   | U1_SCPU/U_RF/AR[0]              |                2 |              4 |
| ~Clk_CPU_BUFG             | U1_SCPU/MEM_WB/rf_reg[15][31][0]   | U1_SCPU/U_RF/rf[31][18]_i_1_n_2 |                3 |              4 |
| ~Clk_CPU_BUFG             | U1_SCPU/MEM_WB/rf_reg[17][31][0]   | U1_SCPU/U_RF/rf[31][29]_i_1_n_2 |                2 |              4 |
| ~Clk_CPU_BUFG             | U1_SCPU/MEM_WB/rf_reg[17][31][0]   | U1_SCPU/U_RF/rf[31][10]_i_1_n_2 |                2 |              4 |
| ~Clk_CPU_BUFG             | U1_SCPU/MEM_WB/rf_reg[17][31][0]   | U1_SCPU/U_RF/rf[31][6]_i_1_n_2  |                3 |              4 |
| ~Clk_CPU_BUFG             | U1_SCPU/MEM_WB/rf_reg[17][31][0]   | U1_SCPU/U_RF/rf[31][22]_i_1_n_2 |                2 |              4 |
| ~Clk_CPU_BUFG             | U1_SCPU/MEM_WB/rf_reg[17][31][0]   | U1_SCPU/U_RF/rf[31][26]_i_1_n_2 |                2 |              4 |
| ~Clk_CPU_BUFG             | U1_SCPU/MEM_WB/rf_reg[17][31][0]   | U1_SCPU/U_RF/AR[0]              |                2 |              4 |
| ~Clk_CPU_BUFG             | U1_SCPU/MEM_WB/rf_reg[17][31][0]   | U1_SCPU/U_RF/rf[31][18]_i_1_n_2 |                2 |              4 |
| ~Clk_CPU_BUFG             | U1_SCPU/MEM_WB/rf_reg[16][31][0]   | U1_SCPU/U_RF/rf[31][14]_i_1_n_2 |                2 |              4 |
| ~Clk_CPU_BUFG             | U1_SCPU/MEM_WB/rf_reg[16][31][0]   | U1_SCPU/U_RF/rf[31][29]_i_1_n_2 |                2 |              4 |
| ~Clk_CPU_BUFG             | U1_SCPU/MEM_WB/rf_reg[16][31][0]   | U1_SCPU/U_RF/rf[31][6]_i_1_n_2  |                4 |              4 |
| ~Clk_CPU_BUFG             | U1_SCPU/MEM_WB/rf_reg[16][31][0]   | U1_SCPU/U_RF/rf[31][22]_i_1_n_2 |                2 |              4 |
| ~Clk_CPU_BUFG             | U1_SCPU/MEM_WB/rf_reg[16][31][0]   | U1_SCPU/U_RF/rf[31][26]_i_1_n_2 |                2 |              4 |
| ~Clk_CPU_BUFG             | U1_SCPU/MEM_WB/rf_reg[16][31][0]   | U1_SCPU/U_RF/AR[0]              |                2 |              4 |
| ~Clk_CPU_BUFG             | U1_SCPU/MEM_WB/rf_reg[16][31][0]   | U1_SCPU/U_RF/rf[31][18]_i_1_n_2 |                3 |              4 |
| ~Clk_CPU_BUFG             | U1_SCPU/MEM_WB/rf_reg[12][31][0]   | U1_SCPU/U_RF/rf[31][29]_i_1_n_2 |                2 |              4 |
| ~Clk_CPU_BUFG             | U1_SCPU/MEM_WB/rf_reg[12][31][0]   | U1_SCPU/U_RF/rf[31][10]_i_1_n_2 |                2 |              4 |
| ~Clk_CPU_BUFG             | U1_SCPU/MEM_WB/rf_reg[12][31][0]   | U1_SCPU/U_RF/rf[31][6]_i_1_n_2  |                3 |              4 |
| ~Clk_CPU_BUFG             | U1_SCPU/MEM_WB/rf_reg[12][31][0]   | U1_SCPU/U_RF/rf[31][22]_i_1_n_2 |                3 |              4 |
| ~Clk_CPU_BUFG             | U1_SCPU/MEM_WB/rf_reg[12][31][0]   | U1_SCPU/U_RF/rf[31][26]_i_1_n_2 |                4 |              4 |
| ~Clk_CPU_BUFG             | U1_SCPU/MEM_WB/rf_reg[12][31][0]   | U1_SCPU/U_RF/AR[0]              |                3 |              4 |
| ~Clk_CPU_BUFG             | U1_SCPU/MEM_WB/rf_reg[12][31][0]   | U1_SCPU/U_RF/rf[31][18]_i_1_n_2 |                2 |              4 |
| ~Clk_CPU_BUFG             | U1_SCPU/MEM_WB/rf_reg[11][31][0]   | U1_SCPU/U_RF/rf[31][14]_i_1_n_2 |                3 |              4 |
| ~Clk_CPU_BUFG             | U1_SCPU/MEM_WB/rf_reg[11][31][0]   | U1_SCPU/U_RF/rf[31][29]_i_1_n_2 |                1 |              4 |
| ~Clk_CPU_BUFG             | U1_SCPU/MEM_WB/rf_reg[11][31][0]   | U1_SCPU/U_RF/rf[31][10]_i_1_n_2 |                3 |              4 |
| ~Clk_CPU_BUFG             | U1_SCPU/MEM_WB/rf_reg[11][31][0]   | U1_SCPU/U_RF/rf[31][6]_i_1_n_2  |                3 |              4 |
| ~Clk_CPU_BUFG             | U1_SCPU/MEM_WB/rf_reg[11][31][0]   | U1_SCPU/U_RF/rf[31][22]_i_1_n_2 |                2 |              4 |
| ~Clk_CPU_BUFG             | U1_SCPU/MEM_WB/rf_reg[11][31][0]   | U1_SCPU/U_RF/rf[31][26]_i_1_n_2 |                3 |              4 |
| ~Clk_CPU_BUFG             | U1_SCPU/MEM_WB/rf_reg[11][31][0]   | U1_SCPU/U_RF/AR[0]              |                2 |              4 |
| ~Clk_CPU_BUFG             | U1_SCPU/MEM_WB/rf_reg[13][31][0]   | U1_SCPU/U_RF/rf[31][14]_i_1_n_2 |                3 |              4 |
| ~Clk_CPU_BUFG             | U1_SCPU/MEM_WB/rf_reg[13][31][0]   | U1_SCPU/U_RF/rf[31][29]_i_1_n_2 |                2 |              4 |
| ~Clk_CPU_BUFG             | U1_SCPU/MEM_WB/rf_reg[13][31][0]   | U1_SCPU/U_RF/rf[31][10]_i_1_n_2 |                2 |              4 |
| ~Clk_CPU_BUFG             | U1_SCPU/MEM_WB/rf_reg[13][31][0]   | U1_SCPU/U_RF/rf[31][6]_i_1_n_2  |                3 |              4 |
| ~Clk_CPU_BUFG             | U1_SCPU/MEM_WB/rf_reg[13][31][0]   | U1_SCPU/U_RF/rf[31][22]_i_1_n_2 |                1 |              4 |
| ~Clk_CPU_BUFG             | U1_SCPU/MEM_WB/rf_reg[13][31][0]   | U1_SCPU/U_RF/rf[31][26]_i_1_n_2 |                3 |              4 |
| ~Clk_CPU_BUFG             | U1_SCPU/MEM_WB/rf_reg[13][31][0]   | U1_SCPU/U_RF/AR[0]              |                2 |              4 |
| ~Clk_CPU_BUFG             | U1_SCPU/MEM_WB/rf_reg[3][31][0]    | U1_SCPU/U_RF/rf[31][14]_i_1_n_2 |                4 |              4 |
| ~Clk_CPU_BUFG             | U1_SCPU/MEM_WB/rf_reg[3][31][0]    | U1_SCPU/U_RF/rf[31][29]_i_1_n_2 |                3 |              4 |
| ~Clk_CPU_BUFG             | U1_SCPU/MEM_WB/rf_reg[3][31][0]    | U1_SCPU/U_RF/rf[31][10]_i_1_n_2 |                4 |              4 |
| ~Clk_CPU_BUFG             | U1_SCPU/MEM_WB/rf_reg[3][31][0]    | U1_SCPU/U_RF/rf[31][6]_i_1_n_2  |                3 |              4 |
| ~Clk_CPU_BUFG             | U1_SCPU/MEM_WB/rf_reg[3][31][0]    | U1_SCPU/U_RF/rf[31][22]_i_1_n_2 |                3 |              4 |
| ~Clk_CPU_BUFG             | U1_SCPU/MEM_WB/rf_reg[3][31][0]    | U1_SCPU/U_RF/AR[0]              |                4 |              4 |
| ~Clk_CPU_BUFG             | U1_SCPU/MEM_WB/rf_reg[3][31][0]    | U1_SCPU/U_RF/rf[31][18]_i_1_n_2 |                3 |              4 |
| ~Clk_CPU_BUFG             | U1_SCPU/MEM_WB/rf_reg[28][31][0]   | U1_SCPU/U_RF/rf[31][14]_i_1_n_2 |                4 |              4 |
| ~Clk_CPU_BUFG             | U1_SCPU/MEM_WB/rf_reg[28][31][0]   | U1_SCPU/U_RF/rf[31][10]_i_1_n_2 |                2 |              4 |
| ~Clk_CPU_BUFG             | U1_SCPU/MEM_WB/rf_reg[28][31][0]   | U1_SCPU/U_RF/rf[31][6]_i_1_n_2  |                3 |              4 |
| ~Clk_CPU_BUFG             | U1_SCPU/MEM_WB/rf_reg[28][31][0]   | U1_SCPU/U_RF/rf[31][22]_i_1_n_2 |                4 |              4 |
| ~Clk_CPU_BUFG             | U1_SCPU/MEM_WB/rf_reg[28][31][0]   | U1_SCPU/U_RF/rf[31][26]_i_1_n_2 |                2 |              4 |
| ~Clk_CPU_BUFG             | U1_SCPU/MEM_WB/rf_reg[28][31][0]   | U1_SCPU/U_RF/rf[31][18]_i_1_n_2 |                2 |              4 |
| ~Clk_CPU_BUFG             | U1_SCPU/MEM_WB/rf_reg[24][31][0]   | U1_SCPU/U_RF/rf[31][14]_i_1_n_2 |                4 |              4 |
| ~Clk_CPU_BUFG             | U1_SCPU/MEM_WB/rf_reg[24][31][0]   | U1_SCPU/U_RF/rf[31][29]_i_1_n_2 |                3 |              4 |
| ~Clk_CPU_BUFG             | U1_SCPU/MEM_WB/rf_reg[24][31][0]   | U1_SCPU/U_RF/rf[31][10]_i_1_n_2 |                2 |              4 |
| ~Clk_CPU_BUFG             | U1_SCPU/MEM_WB/rf_reg[24][31][0]   | U1_SCPU/U_RF/rf[31][22]_i_1_n_2 |                3 |              4 |
| ~Clk_CPU_BUFG             | U1_SCPU/MEM_WB/rf_reg[24][31][0]   | U1_SCPU/U_RF/rf[31][26]_i_1_n_2 |                4 |              4 |
| ~Clk_CPU_BUFG             | U1_SCPU/MEM_WB/rf_reg[24][31][0]   | U1_SCPU/U_RF/rf[31][18]_i_1_n_2 |                2 |              4 |
| ~Clk_CPU_BUFG             | U1_SCPU/MEM_WB/rf_reg[27][31][0]   | U1_SCPU/U_RF/rf[31][14]_i_1_n_2 |                4 |              4 |
| ~Clk_CPU_BUFG             | U1_SCPU/MEM_WB/rf_reg[27][31][0]   | U1_SCPU/U_RF/rf[31][29]_i_1_n_2 |                3 |              4 |
| ~Clk_CPU_BUFG             | U1_SCPU/MEM_WB/rf_reg[27][31][0]   | U1_SCPU/U_RF/rf[31][10]_i_1_n_2 |                1 |              4 |
| ~Clk_CPU_BUFG             | U1_SCPU/MEM_WB/rf_reg[27][31][0]   | U1_SCPU/U_RF/rf[31][6]_i_1_n_2  |                3 |              4 |
| ~Clk_CPU_BUFG             | U1_SCPU/MEM_WB/rf_reg[27][31][0]   | U1_SCPU/U_RF/rf[31][22]_i_1_n_2 |                2 |              4 |
| ~Clk_CPU_BUFG             | U1_SCPU/MEM_WB/rf_reg[27][31][0]   | U1_SCPU/U_RF/rf[31][26]_i_1_n_2 |                2 |              4 |
| ~Clk_CPU_BUFG             | U1_SCPU/MEM_WB/rf_reg[27][31][0]   | U1_SCPU/U_RF/rf[31][18]_i_1_n_2 |                3 |              4 |
| ~Clk_CPU_BUFG             | U1_SCPU/MEM_WB/rf_reg[20][31][0]   | U1_SCPU/U_RF/rf[31][14]_i_1_n_2 |                2 |              4 |
| ~Clk_CPU_BUFG             | U1_SCPU/MEM_WB/rf_reg[20][31][0]   | U1_SCPU/U_RF/rf[31][29]_i_1_n_2 |                3 |              4 |
| ~Clk_CPU_BUFG             | U1_SCPU/MEM_WB/rf_reg[20][31][0]   | U1_SCPU/U_RF/rf[31][10]_i_1_n_2 |                2 |              4 |
| ~Clk_CPU_BUFG             | U1_SCPU/MEM_WB/rf_reg[20][31][0]   | U1_SCPU/U_RF/rf[31][22]_i_1_n_2 |                2 |              4 |
| ~Clk_CPU_BUFG             | U1_SCPU/MEM_WB/rf_reg[20][31][0]   | U1_SCPU/U_RF/rf[31][26]_i_1_n_2 |                2 |              4 |
| ~Clk_CPU_BUFG             | U1_SCPU/MEM_WB/rf_reg[20][31][0]   | U1_SCPU/U_RF/AR[0]              |                2 |              4 |
| ~Clk_CPU_BUFG             | U1_SCPU/MEM_WB/rf_reg[20][31][0]   | U1_SCPU/U_RF/rf[31][18]_i_1_n_2 |                2 |              4 |
| ~Clk_CPU_BUFG             | U1_SCPU/MEM_WB/rf_reg[4][31][0]    | U1_SCPU/U_RF/rf[31][14]_i_1_n_2 |                2 |              4 |
| ~Clk_CPU_BUFG             | U1_SCPU/MEM_WB/rf_reg[4][31][0]    | U1_SCPU/U_RF/rf[31][29]_i_1_n_2 |                3 |              4 |
| ~Clk_CPU_BUFG             | U1_SCPU/MEM_WB/rf_reg[4][31][0]    | U1_SCPU/U_RF/rf[31][10]_i_1_n_2 |                3 |              4 |
| ~Clk_CPU_BUFG             | U1_SCPU/MEM_WB/rf_reg[4][31][0]    | U1_SCPU/U_RF/rf[31][6]_i_1_n_2  |                2 |              4 |
| ~Clk_CPU_BUFG             | U1_SCPU/MEM_WB/rf_reg[4][31][0]    | U1_SCPU/U_RF/rf[31][26]_i_1_n_2 |                2 |              4 |
| ~Clk_CPU_BUFG             | U1_SCPU/MEM_WB/rf_reg[4][31][0]    | U1_SCPU/U_RF/AR[0]              |                3 |              4 |
| ~Clk_CPU_BUFG             | U1_SCPU/MEM_WB/rf_reg[4][31][0]    | U1_SCPU/U_RF/rf[31][18]_i_1_n_2 |                3 |              4 |
| ~Clk_CPU_BUFG             | U1_SCPU/MEM_WB/rf_reg[30][31][0]   | U1_SCPU/U_RF/rf[31][14]_i_1_n_2 |                3 |              4 |
| ~Clk_CPU_BUFG             | U1_SCPU/MEM_WB/rf_reg[30][31][0]   | U1_SCPU/U_RF/rf[31][10]_i_1_n_2 |                2 |              4 |
| ~Clk_CPU_BUFG             | U1_SCPU/MEM_WB/rf_reg[30][31][0]   | U1_SCPU/U_RF/rf[31][6]_i_1_n_2  |                3 |              4 |
| ~Clk_CPU_BUFG             | U1_SCPU/MEM_WB/rf_reg[30][31][0]   | U1_SCPU/U_RF/rf[31][22]_i_1_n_2 |                3 |              4 |
| ~Clk_CPU_BUFG             | U1_SCPU/MEM_WB/rf_reg[24][31][0]   | U1_SCPU/U_RF/rf[31][6]_i_1_n_2  |                3 |              4 |
| ~Clk_CPU_BUFG             | U1_SCPU/MEM_WB/rf_reg[30][31][0]   | U1_SCPU/U_RF/rf[31][26]_i_1_n_2 |                4 |              4 |
| ~Clk_CPU_BUFG             | U1_SCPU/MEM_WB/rf_reg[30][31][0]   | U1_SCPU/U_RF/rf[31][18]_i_1_n_2 |                3 |              4 |
| ~Clk_CPU_BUFG             | U1_SCPU/MEM_WB/rf_reg[5][31][0]    | U1_SCPU/U_RF/rf[31][14]_i_1_n_2 |                4 |              4 |
| ~Clk_CPU_BUFG             | U1_SCPU/MEM_WB/rf_reg[5][31][0]    | U1_SCPU/U_RF/rf[31][29]_i_1_n_2 |                4 |              4 |
| ~Clk_CPU_BUFG             | U1_SCPU/MEM_WB/rf_reg[5][31][0]    | U1_SCPU/U_RF/rf[31][10]_i_1_n_2 |                4 |              4 |
| ~Clk_CPU_BUFG             | U1_SCPU/MEM_WB/rf_reg[5][31][0]    | U1_SCPU/U_RF/rf[31][6]_i_1_n_2  |                3 |              4 |
| ~Clk_CPU_BUFG             | U1_SCPU/MEM_WB/rf_reg[5][31][0]    | U1_SCPU/U_RF/rf[31][22]_i_1_n_2 |                3 |              4 |
| ~Clk_CPU_BUFG             | U1_SCPU/MEM_WB/rf_reg[5][31][0]    | U1_SCPU/U_RF/AR[0]              |                3 |              4 |
| ~Clk_CPU_BUFG             | U1_SCPU/MEM_WB/rf_reg[5][31][0]    | U1_SCPU/U_RF/rf[31][18]_i_1_n_2 |                3 |              4 |
| ~Clk_CPU_BUFG             | U1_SCPU/MEM_WB/rf_reg[31][31]_0[0] | U1_SCPU/U_RF/rf[31][14]_i_1_n_2 |                4 |              4 |
| ~Clk_CPU_BUFG             | U1_SCPU/MEM_WB/rf_reg[31][31]_0[0] | U1_SCPU/U_RF/rf[31][10]_i_1_n_2 |                2 |              4 |
| ~Clk_CPU_BUFG             | U1_SCPU/MEM_WB/rf_reg[31][31]_0[0] | U1_SCPU/U_RF/rf[31][6]_i_1_n_2  |                3 |              4 |
| ~Clk_CPU_BUFG             | U1_SCPU/MEM_WB/rf_reg[31][31]_0[0] | U1_SCPU/U_RF/rf[31][22]_i_1_n_2 |                3 |              4 |
| ~Clk_CPU_BUFG             | U1_SCPU/MEM_WB/rf_reg[31][31]_0[0] | U1_SCPU/U_RF/rf[31][26]_i_1_n_2 |                3 |              4 |
| ~Clk_CPU_BUFG             | U1_SCPU/MEM_WB/rf_reg[31][31]_0[0] | U1_SCPU/U_RF/rf[31][18]_i_1_n_2 |                2 |              4 |
| ~Clk_CPU_BUFG             | U1_SCPU/MEM_WB/rf_reg[6][31][0]    | U1_SCPU/U_RF/rf[31][14]_i_1_n_2 |                2 |              4 |
| ~Clk_CPU_BUFG             | U1_SCPU/MEM_WB/rf_reg[6][31][0]    | U1_SCPU/U_RF/rf[31][29]_i_1_n_2 |                3 |              4 |
| ~Clk_CPU_BUFG             | U1_SCPU/MEM_WB/rf_reg[6][31][0]    | U1_SCPU/U_RF/rf[31][10]_i_1_n_2 |                3 |              4 |
| ~Clk_CPU_BUFG             | U1_SCPU/MEM_WB/rf_reg[6][31][0]    | U1_SCPU/U_RF/rf[31][6]_i_1_n_2  |                3 |              4 |
| ~Clk_CPU_BUFG             | U1_SCPU/MEM_WB/rf_reg[6][31][0]    | U1_SCPU/U_RF/rf[31][26]_i_1_n_2 |                3 |              4 |
| ~Clk_CPU_BUFG             | U1_SCPU/MEM_WB/rf_reg[6][31][0]    | U1_SCPU/U_RF/AR[0]              |                4 |              4 |
| ~Clk_CPU_BUFG             | U1_SCPU/MEM_WB/rf_reg[6][31][0]    | U1_SCPU/U_RF/rf[31][18]_i_1_n_2 |                3 |              4 |
| ~Clk_CPU_BUFG             | U1_SCPU/MEM_WB/rf_reg[18][31][0]   | U1_SCPU/U_RF/rf[31][14]_i_1_n_2 |                2 |              4 |
| ~Clk_CPU_BUFG             | U1_SCPU/MEM_WB/rf_reg[18][31][0]   | U1_SCPU/U_RF/rf[31][29]_i_1_n_2 |                2 |              4 |
| ~Clk_CPU_BUFG             | U1_SCPU/MEM_WB/rf_reg[18][31][0]   | U1_SCPU/U_RF/rf[31][6]_i_1_n_2  |                4 |              4 |
| ~Clk_CPU_BUFG             | U1_SCPU/MEM_WB/rf_reg[18][31][0]   | U1_SCPU/U_RF/rf[31][22]_i_1_n_2 |                2 |              4 |
| ~Clk_CPU_BUFG             | U1_SCPU/MEM_WB/rf_reg[18][31][0]   | U1_SCPU/U_RF/rf[31][26]_i_1_n_2 |                2 |              4 |
| ~Clk_CPU_BUFG             | U1_SCPU/MEM_WB/rf_reg[18][31][0]   | U1_SCPU/U_RF/AR[0]              |                2 |              4 |
| ~Clk_CPU_BUFG             | U1_SCPU/MEM_WB/rf_reg[18][31][0]   | U1_SCPU/U_RF/rf[31][18]_i_1_n_2 |                2 |              4 |
| ~Clk_CPU_BUFG             | U1_SCPU/MEM_WB/rf_reg[23][31][0]   | U1_SCPU/U_RF/rf[31][14]_i_1_n_2 |                2 |              4 |
| ~Clk_CPU_BUFG             | U1_SCPU/MEM_WB/rf_reg[23][31][0]   | U1_SCPU/U_RF/rf[31][29]_i_1_n_2 |                2 |              4 |
| ~Clk_CPU_BUFG             | U1_SCPU/MEM_WB/rf_reg[23][31][0]   | U1_SCPU/U_RF/rf[31][10]_i_1_n_2 |                1 |              4 |
| ~Clk_CPU_BUFG             | U1_SCPU/MEM_WB/rf_reg[23][31][0]   | U1_SCPU/U_RF/rf[31][22]_i_1_n_2 |                2 |              4 |
| ~Clk_CPU_BUFG             | U1_SCPU/MEM_WB/rf_reg[23][31][0]   | U1_SCPU/U_RF/rf[31][26]_i_1_n_2 |                2 |              4 |
| ~Clk_CPU_BUFG             | U1_SCPU/MEM_WB/rf_reg[23][31][0]   | U1_SCPU/U_RF/AR[0]              |                2 |              4 |
| ~Clk_CPU_BUFG             | U1_SCPU/MEM_WB/rf_reg[23][31][0]   | U1_SCPU/U_RF/rf[31][18]_i_1_n_2 |                2 |              4 |
| ~Clk_CPU_BUFG             | U1_SCPU/MEM_WB/rf_reg[22][31][0]   | U1_SCPU/U_RF/rf[31][14]_i_1_n_2 |                2 |              4 |
| ~Clk_CPU_BUFG             | U1_SCPU/MEM_WB/rf_reg[22][31][0]   | U1_SCPU/U_RF/rf[31][29]_i_1_n_2 |                3 |              4 |
| ~Clk_CPU_BUFG             | U1_SCPU/MEM_WB/rf_reg[22][31][0]   | U1_SCPU/U_RF/rf[31][10]_i_1_n_2 |                1 |              4 |
| ~Clk_CPU_BUFG             | U1_SCPU/MEM_WB/rf_reg[22][31][0]   | U1_SCPU/U_RF/rf[31][22]_i_1_n_2 |                4 |              4 |
| ~Clk_CPU_BUFG             | U1_SCPU/MEM_WB/rf_reg[22][31][0]   | U1_SCPU/U_RF/rf[31][26]_i_1_n_2 |                2 |              4 |
| ~Clk_CPU_BUFG             | U1_SCPU/MEM_WB/rf_reg[22][31][0]   | U1_SCPU/U_RF/AR[0]              |                3 |              4 |
| ~Clk_CPU_BUFG             | U1_SCPU/MEM_WB/rf_reg[22][31][0]   | U1_SCPU/U_RF/rf[31][18]_i_1_n_2 |                4 |              4 |
| ~Clk_CPU_BUFG             | U1_SCPU/MEM_WB/rf_reg[25][31][0]   | U1_SCPU/U_RF/rf[31][14]_i_1_n_2 |                4 |              4 |
| ~Clk_CPU_BUFG             | U1_SCPU/MEM_WB/rf_reg[25][31][0]   | U1_SCPU/U_RF/rf[31][29]_i_1_n_2 |                3 |              4 |
| ~Clk_CPU_BUFG             | U1_SCPU/MEM_WB/rf_reg[25][31][0]   | U1_SCPU/U_RF/rf[31][10]_i_1_n_2 |                2 |              4 |
| ~Clk_CPU_BUFG             | U1_SCPU/MEM_WB/rf_reg[25][31][0]   | U1_SCPU/U_RF/rf[31][22]_i_1_n_2 |                2 |              4 |
| ~Clk_CPU_BUFG             | U1_SCPU/MEM_WB/rf_reg[25][31][0]   | U1_SCPU/U_RF/rf[31][26]_i_1_n_2 |                3 |              4 |
| ~Clk_CPU_BUFG             | U1_SCPU/MEM_WB/rf_reg[25][31][0]   | U1_SCPU/U_RF/AR[0]              |                1 |              4 |
| ~Clk_CPU_BUFG             | U1_SCPU/MEM_WB/rf_reg[25][31][0]   | U1_SCPU/U_RF/rf[31][18]_i_1_n_2 |                3 |              4 |
| ~Clk_CPU_BUFG             | U1_SCPU/MEM_WB/rf_reg[29][31][0]   | U1_SCPU/U_RF/rf[31][14]_i_1_n_2 |                4 |              4 |
| ~Clk_CPU_BUFG             | U1_SCPU/MEM_WB/rf_reg[29][31][0]   | U1_SCPU/U_RF/rf[31][10]_i_1_n_2 |                2 |              4 |
| ~Clk_CPU_BUFG             | U1_SCPU/MEM_WB/rf_reg[29][31][0]   | U1_SCPU/U_RF/rf[31][6]_i_1_n_2  |                3 |              4 |
| ~Clk_CPU_BUFG             | U1_SCPU/MEM_WB/rf_reg[29][31][0]   | U1_SCPU/U_RF/rf[31][22]_i_1_n_2 |                2 |              4 |
|  U6_SSeg7/flash_IBUF_BUFG |                                    |                                 |                3 |              4 |
| ~Clk_CPU_BUFG             | U1_SCPU/MEM_WB/rf_reg[29][31][0]   | U1_SCPU/U_RF/rf[31][26]_i_1_n_2 |                2 |              4 |
|  clk_IBUF_BUFG            |                                    | U1_SCPU/ID_EX/out_reg[190]_0    |                1 |              4 |
| ~Clk_CPU_BUFG             | U1_SCPU/MEM_WB/rf_reg[29][31][0]   | U1_SCPU/U_RF/rf[31][18]_i_1_n_2 |                2 |              4 |
| ~Clk_CPU_BUFG             | U1_SCPU/MEM_WB/rf_reg[19][31][0]   | U1_SCPU/U_RF/rf[31][14]_i_1_n_2 |                2 |              4 |
| ~Clk_CPU_BUFG             | U1_SCPU/MEM_WB/rf_reg[19][31][0]   | U1_SCPU/U_RF/rf[31][29]_i_1_n_2 |                2 |              4 |
|  clk_IBUF_BUFG            |                                    | U1_SCPU/EX_MEM/out_reg[65]_0    |                1 |              4 |
| ~Clk_CPU_BUFG             | U1_SCPU/MEM_WB/rf_reg[19][31][0]   | U1_SCPU/U_RF/rf[31][6]_i_1_n_2  |                4 |              4 |
| ~Clk_CPU_BUFG             | U1_SCPU/MEM_WB/rf_reg[19][31][0]   | U1_SCPU/U_RF/rf[31][22]_i_1_n_2 |                3 |              4 |
| ~Clk_CPU_BUFG             | U1_SCPU/MEM_WB/rf_reg[10][31][0]   | U1_SCPU/U_RF/rf[31][14]_i_1_n_2 |                3 |              4 |
| ~Clk_CPU_BUFG             | U1_SCPU/MEM_WB/rf_reg[19][31][0]   | U1_SCPU/U_RF/rf[31][26]_i_1_n_2 |                2 |              4 |
| ~Clk_CPU_BUFG             | U1_SCPU/MEM_WB/rf_reg[19][31][0]   | U1_SCPU/U_RF/AR[0]              |                2 |              4 |
| ~Clk_CPU_BUFG             | U1_SCPU/MEM_WB/rf_reg[19][31][0]   | U1_SCPU/U_RF/rf[31][18]_i_1_n_2 |                2 |              4 |
| ~Clk_CPU_BUFG             | U1_SCPU/MEM_WB/rf_reg[26][31][0]   | U1_SCPU/U_RF/rf[31][14]_i_1_n_2 |                4 |              4 |
| ~Clk_CPU_BUFG             | U1_SCPU/MEM_WB/rf_reg[26][31][0]   | U1_SCPU/U_RF/rf[31][29]_i_1_n_2 |                3 |              4 |
| ~Clk_CPU_BUFG             | U1_SCPU/MEM_WB/rf_reg[26][31][0]   | U1_SCPU/U_RF/rf[31][10]_i_1_n_2 |                2 |              4 |
| ~Clk_CPU_BUFG             | U1_SCPU/MEM_WB/rf_reg[26][31][0]   | U1_SCPU/U_RF/rf[31][6]_i_1_n_2  |                2 |              4 |
| ~Clk_CPU_BUFG             | U1_SCPU/MEM_WB/rf_reg[26][31][0]   | U1_SCPU/U_RF/rf[31][22]_i_1_n_2 |                4 |              4 |
| ~Clk_CPU_BUFG             | U1_SCPU/MEM_WB/rf_reg[10][31][0]   | U1_SCPU/U_RF/rf[31][29]_i_1_n_2 |                2 |              4 |
| ~Clk_CPU_BUFG             | U1_SCPU/MEM_WB/rf_reg[26][31][0]   | U1_SCPU/U_RF/rf[31][26]_i_1_n_2 |                2 |              4 |
| ~Clk_CPU_BUFG             | U1_SCPU/MEM_WB/rf_reg[10][31][0]   | U1_SCPU/U_RF/rf[31][10]_i_1_n_2 |                2 |              4 |
| ~Clk_CPU_BUFG             | U1_SCPU/MEM_WB/rf_reg[26][31][0]   | U1_SCPU/U_RF/rf[31][18]_i_1_n_2 |                3 |              4 |
| ~Clk_CPU_BUFG             | U1_SCPU/MEM_WB/rf_reg[2][31][0]    | U1_SCPU/U_RF/rf[31][14]_i_1_n_2 |                2 |              4 |
| ~Clk_CPU_BUFG             | U1_SCPU/MEM_WB/rf_reg[2][31][0]    | U1_SCPU/U_RF/rf[31][29]_i_1_n_2 |                3 |              4 |
| ~Clk_CPU_BUFG             | U1_SCPU/MEM_WB/rf_reg[2][31][0]    | U1_SCPU/U_RF/rf[31][10]_i_1_n_2 |                3 |              4 |
| ~Clk_CPU_BUFG             | U1_SCPU/MEM_WB/rf_reg[2][31][0]    | U1_SCPU/U_RF/rf[31][6]_i_1_n_2  |                2 |              4 |
| ~Clk_CPU_BUFG             | U1_SCPU/MEM_WB/rf_reg[2][31][0]    | U1_SCPU/U_RF/rf[31][22]_i_1_n_2 |                3 |              4 |
| ~Clk_CPU_BUFG             | U1_SCPU/MEM_WB/rf_reg[10][31][0]   | U1_SCPU/U_RF/rf[31][6]_i_1_n_2  |                3 |              4 |
| ~Clk_CPU_BUFG             | U1_SCPU/MEM_WB/rf_reg[10][31][0]   | U1_SCPU/U_RF/rf[31][22]_i_1_n_2 |                2 |              4 |
| ~Clk_CPU_BUFG             | U1_SCPU/MEM_WB/rf_reg[2][31][0]    | U1_SCPU/U_RF/AR[0]              |                4 |              4 |
| ~Clk_CPU_BUFG             | U1_SCPU/MEM_WB/rf_reg[2][31][0]    | U1_SCPU/U_RF/rf[31][18]_i_1_n_2 |                3 |              4 |
| ~Clk_CPU_BUFG             | U1_SCPU/MEM_WB/rf_reg[21][31][0]   | U1_SCPU/U_RF/rf[31][14]_i_1_n_2 |                2 |              4 |
| ~Clk_CPU_BUFG             | U1_SCPU/MEM_WB/rf_reg[21][31][0]   | U1_SCPU/U_RF/rf[31][29]_i_1_n_2 |                3 |              4 |
| ~Clk_CPU_BUFG             | U1_SCPU/MEM_WB/rf_reg[10][31][0]   | U1_SCPU/U_RF/rf[31][26]_i_1_n_2 |                4 |              4 |
| ~Clk_CPU_BUFG             | U1_SCPU/MEM_WB/rf_reg[21][31][0]   | U1_SCPU/U_RF/rf[31][6]_i_1_n_2  |                3 |              4 |
| ~Clk_CPU_BUFG             | U1_SCPU/MEM_WB/rf_reg[21][31][0]   | U1_SCPU/U_RF/rf[31][22]_i_1_n_2 |                2 |              4 |
| ~Clk_CPU_BUFG             | U1_SCPU/MEM_WB/rf_reg[10][31][0]   | U1_SCPU/U_RF/AR[0]              |                4 |              4 |
| ~Clk_CPU_BUFG             | U1_SCPU/MEM_WB/rf_reg[21][31][0]   | U1_SCPU/U_RF/rf[31][26]_i_1_n_2 |                2 |              4 |
| ~Clk_CPU_BUFG             | U1_SCPU/MEM_WB/rf_reg[21][31][0]   | U1_SCPU/U_RF/AR[0]              |                3 |              4 |
| ~Clk_CPU_BUFG             | U1_SCPU/MEM_WB/rf_reg[21][31][0]   | U1_SCPU/U_RF/rf[31][18]_i_1_n_2 |                2 |              4 |
| ~Clk_CPU_BUFG             | U1_SCPU/MEM_WB/rf_reg[1][31][0]    | U1_SCPU/U_RF/rf[31][14]_i_1_n_2 |                3 |              4 |
| ~Clk_CPU_BUFG             | U1_SCPU/MEM_WB/rf_reg[1][31][0]    | U1_SCPU/U_RF/rf[31][29]_i_1_n_2 |                3 |              4 |
| ~Clk_CPU_BUFG             | U1_SCPU/MEM_WB/rf_reg[1][31][0]    | U1_SCPU/U_RF/rf[31][10]_i_1_n_2 |                2 |              4 |
| ~Clk_CPU_BUFG             | U1_SCPU/MEM_WB/rf_reg[1][31][0]    | U1_SCPU/U_RF/rf[31][6]_i_1_n_2  |                2 |              4 |
| ~Clk_CPU_BUFG             | U1_SCPU/MEM_WB/rf_reg[1][31][0]    | U1_SCPU/U_RF/rf[31][22]_i_1_n_2 |                3 |              4 |
| ~Clk_CPU_BUFG             | U1_SCPU/MEM_WB/rf_reg[14][31][0]   | U1_SCPU/U_RF/rf[31][29]_i_1_n_2 |                3 |              4 |
| ~Clk_CPU_BUFG             | U1_SCPU/MEM_WB/rf_reg[14][31][0]   | U1_SCPU/U_RF/rf[31][10]_i_1_n_2 |                2 |              4 |
| ~Clk_CPU_BUFG             | U1_SCPU/MEM_WB/rf_reg[1][31][0]    | U1_SCPU/U_RF/AR[0]              |                4 |              4 |
| ~Clk_CPU_BUFG             | U1_SCPU/MEM_WB/rf_reg[1][31][0]    | U1_SCPU/U_RF/rf[31][18]_i_1_n_2 |                3 |              4 |
| ~Clk_CPU_BUFG             | U1_SCPU/MEM_WB/rf_reg[9][31][0]    | U1_SCPU/U_RF/rf[31][14]_i_1_n_2 |                3 |              4 |
| ~Clk_CPU_BUFG             | U1_SCPU/MEM_WB/rf_reg[9][31][0]    | U1_SCPU/U_RF/rf[31][29]_i_1_n_2 |                4 |              4 |
| ~Clk_CPU_BUFG             | U1_SCPU/MEM_WB/rf_reg[9][31][0]    | U1_SCPU/U_RF/rf[31][10]_i_1_n_2 |                3 |              4 |
| ~Clk_CPU_BUFG             | U1_SCPU/MEM_WB/rf_reg[9][31][0]    | U1_SCPU/U_RF/rf[31][6]_i_1_n_2  |                3 |              4 |
| ~Clk_CPU_BUFG             | U1_SCPU/MEM_WB/rf_reg[14][31][0]   | U1_SCPU/U_RF/rf[31][6]_i_1_n_2  |                3 |              4 |
| ~Clk_CPU_BUFG             | U1_SCPU/MEM_WB/rf_reg[14][31][0]   | U1_SCPU/U_RF/rf[31][22]_i_1_n_2 |                3 |              4 |
| ~Clk_CPU_BUFG             | U1_SCPU/MEM_WB/rf_reg[9][31][0]    | U1_SCPU/U_RF/rf[31][26]_i_1_n_2 |                4 |              4 |
| ~Clk_CPU_BUFG             | U1_SCPU/MEM_WB/rf_reg[9][31][0]    | U1_SCPU/U_RF/AR[0]              |                4 |              4 |
| ~Clk_CPU_BUFG             | U1_SCPU/MEM_WB/rf_reg[9][31][0]    | U1_SCPU/U_RF/rf[31][18]_i_1_n_2 |                4 |              4 |
| ~Clk_CPU_BUFG             | U1_SCPU/MEM_WB/rf_reg[7][31][0]    | U1_SCPU/U_RF/rf[31][14]_i_1_n_2 |                2 |              4 |
| ~Clk_CPU_BUFG             | U1_SCPU/MEM_WB/rf_reg[7][31][0]    | U1_SCPU/U_RF/rf[31][29]_i_1_n_2 |                3 |              4 |
| ~Clk_CPU_BUFG             | U1_SCPU/MEM_WB/rf_reg[7][31][0]    | U1_SCPU/U_RF/rf[31][10]_i_1_n_2 |                4 |              4 |
| ~Clk_CPU_BUFG             | U1_SCPU/MEM_WB/rf_reg[7][31][0]    | U1_SCPU/U_RF/rf[31][6]_i_1_n_2  |                3 |              4 |
| ~Clk_CPU_BUFG             | U1_SCPU/MEM_WB/rf_reg[14][31][0]   | U1_SCPU/U_RF/rf[31][26]_i_1_n_2 |                3 |              4 |
| ~Clk_CPU_BUFG             | U1_SCPU/MEM_WB/rf_reg[14][31][0]   | U1_SCPU/U_RF/AR[0]              |                3 |              4 |
| ~Clk_CPU_BUFG             | U1_SCPU/MEM_WB/rf_reg[7][31][0]    | U1_SCPU/U_RF/rf[31][26]_i_1_n_2 |                3 |              4 |
| ~Clk_CPU_BUFG             | U1_SCPU/MEM_WB/rf_reg[7][31][0]    | U1_SCPU/U_RF/AR[0]              |                4 |              4 |
| ~Clk_CPU_BUFG             | U1_SCPU/MEM_WB/rf_reg[7][31][0]    | U1_SCPU/U_RF/rf[31][18]_i_1_n_2 |                3 |              4 |
| ~Clk_CPU_BUFG             | U1_SCPU/MEM_WB/rf_reg[8][31][0]    | U1_SCPU/U_RF/rf[31][14]_i_1_n_2 |                3 |              4 |
| ~Clk_CPU_BUFG             | U1_SCPU/MEM_WB/rf_reg[8][31][0]    | U1_SCPU/U_RF/rf[31][29]_i_1_n_2 |                1 |              4 |
| ~Clk_CPU_BUFG             | U1_SCPU/MEM_WB/rf_reg[8][31][0]    | U1_SCPU/U_RF/rf[31][10]_i_1_n_2 |                2 |              4 |
| ~Clk_CPU_BUFG             | U1_SCPU/MEM_WB/rf_reg[8][31][0]    | U1_SCPU/U_RF/rf[31][6]_i_1_n_2  |                3 |              4 |
| ~Clk_CPU_BUFG             | U1_SCPU/MEM_WB/rf_reg[8][31][0]    | U1_SCPU/U_RF/rf[31][22]_i_1_n_2 |                3 |              4 |
| ~Clk_CPU_BUFG             | U1_SCPU/MEM_WB/rf_reg[14][31][0]   | U1_SCPU/U_RF/rf[31][18]_i_1_n_2 |                3 |              4 |
| ~Clk_CPU_BUFG             | U1_SCPU/MEM_WB/rf_reg[8][31][0]    | U1_SCPU/U_RF/rf[31][26]_i_1_n_2 |                3 |              4 |
| ~Clk_CPU_BUFG             | U1_SCPU/MEM_WB/rf_reg[8][31][0]    | U1_SCPU/U_RF/AR[0]              |                2 |              4 |
| ~Clk_CPU_BUFG             | U1_SCPU/MEM_WB/rf_reg[15][31][0]   | U1_SCPU/U_RF/rf[31][29]_i_1_n_2 |                3 |              4 |
| ~Clk_CPU_BUFG             | U1_SCPU/MEM_WB/rf_reg[15][31][0]   | U1_SCPU/U_RF/rf[31][10]_i_1_n_2 |                1 |              4 |
| ~Clk_CPU_BUFG             | U1_SCPU/MEM_WB/rf_reg[15][31][0]   | U1_SCPU/U_RF/rf[31][6]_i_1_n_2  |                3 |              4 |
| ~Clk_CPU_BUFG             | U1_SCPU/MEM_WB/rf_reg[15][31][0]   | U1_SCPU/U_RF/rf[31][22]_i_1_n_2 |                3 |              4 |
|  clkdiv_BUFG[6]           | U9_Counter_x/counter0[31]          | U1_SCPU/EX_MEM/out_reg[65]_0    |                2 |              5 |
|  U6_SSeg7/flash_IBUF_BUFG | U6_SSeg7/seg_sout[7]_i_1_n_0       |                                 |                7 |              8 |
|  clk_IBUF_BUFG            |                                    | U1_SCPU/U_RF/AR[1]              |                5 |             20 |
|  clkdiv_BUFG[6]           | U9_Counter_x/counter0[31]          | U1_SCPU/ID_EX/out_reg[190]_0    |                8 |             27 |
|  Clk_CPU_BUFG             | U1_SCPU/ID_EX/E[0]                 | U1_SCPU/U_RF/AR[1]              |                8 |             28 |
| ~Clk_CPU_BUFG             | U1_SCPU/MEM_WB/E[0]                |                                 |               19 |             32 |
|  U5_Multi_8CH320_BUFG     | U4_MIO_BUS/GPIOe0000000_we_OBUF    | U1_SCPU/EX_MEM/out_reg[93]_0    |               25 |             32 |
|  n_1_2007_BUFG            |                                    |                                 |               17 |             32 |
|  n_0_1572_BUFG            |                                    |                                 |               22 |             32 |
|  U5_Multi_8CH320_BUFG     | U9_Counter_x/counter0_Lock_0       | U1_SCPU/MEM_WB/out_reg[73]_0    |               13 |             32 |
|  Clk_CPU_BUFG             |                                    | U1_SCPU/EX_MEM/out_reg[93]_0    |               11 |             33 |
|  Clk_CPU_BUFG             | U1_SCPU/ID_EX/E[0]                 | U1_SCPU/ID_EX/out_reg[20]_0     |                6 |             33 |
|  U5_Multi_8CH320_BUFG     | U4_MIO_BUS/GPIOf0000000_we_OBUF    | U1_SCPU/ID_EX/out_reg[190]_0    |               15 |             34 |
|  Clk_CPU_BUFG             |                                    | U1_SCPU/U_RF/AR[1]              |               13 |             37 |
|  clk_IBUF_BUFG            |                                    | U1_SCPU/EX_MEM/out_reg[93]_0    |               22 |             52 |
|  Clk_CPU_BUFG             |                                    | U1_SCPU/MEM_WB/out_reg[73]_0    |               34 |             86 |
|  Clk_CPU_BUFG             |                                    | U1_SCPU/ID_EX/out_reg[190]_0    |               38 |             86 |
|  Clk_CPU_BUFG             |                                    | U1_SCPU/ID_EX/out_reg[20]_0     |               28 |             87 |
|  Clk_CPU_BUFG             |                                    | U1_SCPU/EX_MEM/out_reg[65]_0    |               37 |            110 |
|  U5_Multi_8CH320_BUFG     |                                    | U1_SCPU/EX_MEM/out_reg[93]_0    |               69 |            238 |
+---------------------------+------------------------------------+---------------------------------+------------------+----------------+


