#-----------------------------------------------------------
# Vivado v2018.1 (64-bit)
# SW Build 2188600 on Wed Apr  4 18:40:38 MDT 2018
# IP Build 2185939 on Wed Apr  4 20:55:05 MDT 2018
# Start of session at: Fri Jul 26 11:22:42 2024
# Process ID: 10672
# Current directory: C:/Users/10733/Desktop/作业/大二下/计组/弘毅_2022302191219_徐嘉浩_实验代码/单周期
# Command line: vivado.exe -gui_launcher_event rodinguilauncherevent14232 C:\Users\10733\Desktop\作业\大二下\计组\弘毅_2022302191219_徐嘉浩_实验代码\单周期\single4.xpr
# Log file: C:/Users/10733/Desktop/作业/大二下/计组/弘毅_2022302191219_徐嘉浩_实验代码/单周期/vivado.log
# Journal file: C:/Users/10733/Desktop/作业/大二下/计组/弘毅_2022302191219_徐嘉浩_实验代码/单周期\vivado.jou
#-----------------------------------------------------------sstart_guioopen_project C:/Users/10733/Desktop/作业/大二下/计组/弘毅_2022302191219_徐嘉浩_实验代码/单周期/single4.xpr
INFO: [ProjectBase 1-489] The host OS only allows 260 characters in a normal path. The project is stored in a path with more than 80 characters. If you experience issues with IP, Block Designs, or files not being found, please consider moving the project to a location with a shorter path. Alternately consider using the OS subst command to map part of the path to a drive letter.
Current project path is 'C:/Users/10733/Desktop/作业/大二下/计组/弘毅_2022302191219_徐嘉浩_实验代码/单周期'
CRITICAL WARNING: [Project 1-19] Could not find the file 'C:/Users/10733/Desktop/作业/大二下/计组/弘毅_2022302191219_徐嘉浩_实验代码/单周期/single4.srcs/sources_1/new/ctrl_encode_def.v'.
CRITICAL WARNING: [Project 1-19] Could not find the file 'C:/Users/10733/Desktop/作业/大二下/计组/弘毅_2022302191219_徐嘉浩_实验代码/单周期/single4.srcs/sources_1/new/EXT.v'.
CRITICAL WARNING: [Project 1-19] Could not find the file 'C:/Users/10733/Desktop/作业/大二下/计组/弘毅_2022302191219_徐嘉浩_实验代码/单周期/single4.srcs/sources_1/new/NPC.v'.
CRITICAL WARNING: [Project 1-19] Could not find the file 'C:/Users/10733/Desktop/作业/大二下/计组/弘毅_2022302191219_徐嘉浩_实验代码/单周期/single4.srcs/sources_1/new/PC.v'.
CRITICAL WARNING: [Project 1-19] Could not find the file 'C:/Users/10733/Desktop/作业/大二下/计组/弘毅_2022302191219_徐嘉浩_实验代码/单周期/single4.srcs/sources_1/new/RF.v'.
CRITICAL WARNING: [Project 1-19] Could not find the file 'C:/Users/10733/Desktop/作业/大二下/计组/弘毅_2022302191219_徐嘉浩_实验代码/单周期/single4.srcs/sources_1/new/SCPU.v'.
CRITICAL WARNING: [Project 1-19] Could not find the file 'C:/Users/10733/Desktop/作业/大二下/计组/弘毅_2022302191219_徐嘉浩_实验代码/单周期/single4.srcs/sources_1/new/alu.v'.
CRITICAL WARNING: [Project 1-19] Could not find the file 'C:/Users/10733/Desktop/作业/大二下/计组/弘毅_2022302191219_徐嘉浩_实验代码/单周期/single4.srcs/sources_1/new/ctrl.v'.
CRITICAL WARNING: [Project 1-19] Could not find the file 'C:/Users/10733/Desktop/作业/大二下/计组/弘毅_2022302191219_徐嘉浩_实验代码/单周期/single4.srcs/sources_1/new/dm_controller.v'.
CRITICAL WARNING: [Project 1-19] Could not find the file 'C:/Users/10733/Desktop/作业/大二下/计组/弘毅_2022302191219_徐嘉浩_实验代码/单周期/single4.srcs/sources_1/new/top.v'.
CRITICAL WARNING: [Project 1-19] Could not find the file 'C:/Users/10733/Desktop/作业/大二下/计组/弘毅_2022302191219_徐嘉浩_实验代码/D_mem_new.coe'.
CRITICAL WARNING: [Project 1-19] Could not find the file 'C:/Users/10733/Desktop/作业/大二下/计组/弘毅_2022302191219_徐嘉浩_实验代码/test.coe'.
Scanning sources...
Finished scanning sources
INFO: [IP_Flow 19-234] Refreshing IP repositories
INFO: [IP_Flow 19-1704] No user IP repositories specified
INFO: [IP_Flow 19-2313] Loaded Vivado IP repository 'C:/xilinx/Vivado/2018.1/data/ip'.
open_project: Time (s): cpu = 00:00:02 ; elapsed = 00:00:05 . Memory (MB): peak = 971.191 ; gain = 164.418
exit
INFO: [Common 17-206] Exiting Vivado at Fri Jul 26 11:22:58 2024...
ct 1-311] Could not find the file 'C:/Users/10733/Desktop/作业/大二下/计组/弘毅_2022302191219_徐嘉浩_实验代码/单周期/single4.srcs/sources_1/new/dm_controller.v', nor could it be found using path 'C:/Users/10733/Desktop/Vivado/Project/single4/single4.srcs/sources_1/new/dm_controller.v'.
CRITICAL WARNING: [Project 1-311] Could not find the file 'C:/Users/10733/Desktop/作业/大二下/计组/弘毅_2022302191219_徐嘉浩_实验代码/单周期/single4.srcs/sources_1/new/top.v', nor could it be found using path 'C:/Users/10733/Desktop/Vivado/Project/single4/single4.srcs/sources_1/new/top.v'.
WARNING: [Project 1-312] File not found as 'C:/Users/10733/Desktop/作业/大二下/计组/弘毅_2022302191219_徐嘉浩_实验代码/I_mem.coe'; using path 'C:/Users/10733/Desktop/Vivado/Project/I_mem.coe' instead.
WARNING: [Project 1-312] File not found as 'C:/Users/10733/Desktop/作业/大二下/计组/弘毅_2022302191219_徐嘉浩_实验代码/D_mem_new.coe'; using path 'C:/Users/10733/Desktop/Vivado/Project/D_mem_new.coe' instead.
WARNING: [Project 1-312] File not found as 'C:/Users/10733/Desktop/作业/大二下/计组/弘毅_2022302191219_徐嘉浩_实验代码/test.coe'; using path 'C:/Users/10733/Desktop/Vivado/Project/test.coe' instead.
Scanning sources...
Finished scanning sources
WARNING: [Project 1-312] File not found as 'C:/Users/10733/Desktop/作业/大二下/计组/弘毅_2022302191219_徐嘉浩_实验代码/I_mem.coe'; using path 'C:/Users/10733/Desktop/Vivado/Project/I_mem.coe' instead.
WARNING: [Project 1-312] File not found as 'C:/Users/10733/Desktop/作业/大二下/计组/弘毅_2022302191219_徐嘉浩_实验代码/D_mem_new.coe'; using path 'C:/Users/10733/Desktop/Vivado/Project/D_mem_new.coe' instead.
WARNING: [Project 1-312] File not found as 'C:/Users/10733/Desktop/作业/大二下/计组/弘毅_2022302191219_徐嘉浩_实验代码/test.coe'; using path 'C:/Users/10733/Desktop/Vivado/Project/test.coe' instead.
WARNING: [Project 1-312] File not found as 'C:/Users/10733/Desktop/作业/大二下/计组/弘毅_2022302191219_徐嘉浩_实验代码/I_mem.coe'; using path 'C:/Users/10733/Desktop/Vivado/Project/I_mem.coe' instead.
WARNING: [Project 1-312] File not found as 'C:/Users/10733/Desktop/作业/大二下/计组/弘毅_2022302191219_徐嘉浩_实验代码/D_mem_new.coe'; using path 'C:/Users/10733/Desktop/Vivado/Project/D_mem_new.coe' instead.
WARNING: [Project 1-312] File not found as 'C:/Users/10733/Desktop/作业/大二下/计组/弘毅_2022302191219_徐嘉浩_实验代码/test.coe'; using path 'C:/Users/10733/Desktop/Vivado/Project/test.coe' instead.
INFO: [IP_Flow 19-234] Refreshing IP repositories
INFO: [IP_Flow 19-1704] No user IP repositories specified
INFO: [IP_Flow 19-2313] Loaded Vivado IP repository 'C:/xilinx/Vivado/2018.1/data/ip'.
open_project: Time (s): cpu = 00:00:03 ; elapsed = 00:00:05 . Memory (MB): peak = 980.352 ; gain = 166.184
exit
INFO: [Common 17-206] Exiting Vivado at Fri Jul 26 11:22:56 2024...
